Worksheet: 'CoverPage', Cell 'B24', Converting to a String
Worksheet: 'CoverPage', Cell 'B25', Converting to a String
Worksheet: 'SUMMARY', Cell 'A2', Converting to a String
Worksheet: 'SUMMARY', Cell 'A3', Converting to a String
Worksheet: 'SUMMARY', Cell 'A4', Converting to a String
Worksheet: 'SUMMARY', Cell 'A5', Converting to a String
Worksheet: 'SUMMARY', Cell 'A6', Converting to a String
Worksheet: 'SUMMARY', Cell 'A7', Converting to a String
Worksheet: 'CoverPage', Cell 'B1', Converting to a String
Worksheet: 'CoverPage', Cell 'B2', Converting to a String
Worksheet: 'CoverPage', Cell 'B3', Converting to a String
Worksheet: 'CoverPage', Cell 'B4', Converting to a INTEGER
Worksheet: 'CoverPage', Cell 'B5', Converting to a INTEGER
Worksheet: 'CoverPage', Cell 'B6', Converting to a INTEGER
Worksheet: 'CoverPage', Cell 'B7', Converting to a String
Worksheet: 'CoverPage', Cell 'B8', Converting to a String
Worksheet: 'CoverPage', Cell 'B9', Converting to a String
Worksheet: 'CoverPage', Cell 'B10', Converting to a String
Worksheet: 'CoverPage', Cell 'B11', Converting to a String
Worksheet: 'CoverPage', Cell 'B12', Converting to a String
Worksheet: 'CoverPage', Cell 'B13', Converting to a String
Worksheet: 'CoverPage', Cell 'B14', Converting to a String
Worksheet: 'CoverPage', Cell 'B15', Converting to a String
Worksheet: 'CoverPage', Cell 'B16', Converting to a String
Worksheet: 'CoverPage', Cell 'B17', Converting to a String
Worksheet: 'CoverPage', Cell 'B18', Converting to a INTEGER
Worksheet: 'CoverPage', Cell 'B19', Converting to a INTEGER
Worksheet: 'CoverPage', Cell 'B20', Converting to a INTEGER
Worksheet: 'CoverPage', Cell 'B21', Converting to a INTEGER
Worksheet: 'CoverPage', Cell 'B22', Converting to a INTEGER
Worksheet: 'CoverPage', Cell 'B23', Converting to a INTEGER
Worksheet: 'Additional Information', Cell 'A1', Converting to a String
Worksheet: 'Additional Information', Cell 'A2', Converting to a String
Worksheet: 'Additional Information', Cell 'A3', Converting to a String
Worksheet: 'Additional Information', Cell 'A4', Converting to a String
Worksheet: 'Additional Information', Cell 'A5', Converting to a String
Worksheet: 'Additional Information', Cell 'A6', Converting to a String
Worksheet: 'Additional Information', Cell 'A7', Converting to a String
Worksheet: 'Additional Information', Cell 'A8', Converting to a String
Worksheet: 'Additional Information', Cell 'A9', Converting to a String
Worksheet: 'Additional Information', Cell 'A10', Converting to a String
Worksheet: 'Additional Information', Cell 'A11', Converting to a String
Worksheet: 'Additional Information', Cell 'A12', Converting to a String
Worksheet: 'Additional Information', Cell 'A13', Converting to a String
Worksheet: 'Additional Information', Cell 'A14', Converting to a String
Worksheet: 'Additional Information', Cell 'A15', Converting to a String
Worksheet: 'Additional Information', Cell 'A16', Converting to a String
Worksheet: 'Additional Information', Cell 'A17', Converting to a String
Worksheet: 'Additional Information', Cell 'A18', Converting to a String
Worksheet: 'Additional Information', Cell 'A19', Converting to a String
Worksheet: 'Additional Information', Cell 'A20', Converting to a String
Worksheet: 'Additional Information', Cell 'A21', Converting to a String
Worksheet: 'Additional Information', Cell 'A22', Converting to a String
Worksheet: 'Additional Information', Cell 'A23', Converting to a String
Worksheet: 'Additional Information', Cell 'A24', Converting to a String
Worksheet: 'Additional Information', Cell 'A25', Converting to a String
Worksheet: 'Additional Information', Cell 'A26', Converting to a String
Worksheet: 'Additional Information', Cell 'A27', Converting to a String
Worksheet: 'Additional Information', Cell 'A28', Converting to a String
Worksheet: 'Additional Information', Cell 'A29', Converting to a String
Worksheet: 'Additional Information', Cell 'A30', Converting to a String
Worksheet: 'Additional Information', Cell 'A31', Converting to a String
Worksheet: 'Additional Information', Cell 'A32', Converting to a String
Worksheet: 'Additional Information', Cell 'A33', Converting to a String
Worksheet: 'Additional Information', Cell 'A34', Converting to a String
Worksheet: 'Additional Information', Cell 'A35', Converting to a String
Worksheet: 'Additional Information', Cell 'A36', Converting to a String
Worksheet: 'Additional Information', Cell 'A37', Converting to a String
Worksheet: 'Additional Information', Cell 'A38', Converting to a String
Worksheet: 'Additional Information', Cell 'A39', Converting to a String
Worksheet: 'Additional Information', Cell 'A40', Converting to a String
Worksheet: 'Additional Information', Cell 'A41', Converting to a String
Worksheet: 'SUMMARY', Cell 'K2', Converting to a String
Worksheet: 'SUMMARY', Cell 'C2', Converting to a String
Worksheet: 'SUMMARY', Cell 'D2', Converting to a String
Worksheet: 'SUMMARY', Cell 'L2', Converting to a String
Worksheet: 'SUMMARY', Cell 'E2', Converting to a String
Worksheet: 'SUMMARY', Cell 'G2', Converting to a String
Worksheet: 'SUMMARY', Cell 'F2', Converting to a String
Worksheet: 'SUMMARY', Cell 'H2', Converting to a String
Worksheet: 'SUMMARY', Cell 'J2', Converting to a String
Worksheet: 'SUMMARY', Cell 'I2', Converting to a String
Worksheet: 'CE_AO', Cell 'A2', Converting to a String
Worksheet: 'CE_AO', Cell 'H2', Converting to a String
Worksheet: 'CE_AO', Cell 'G2', Converting to a String
Worksheet: 'CE_AO', Cell 'E2', Converting to a String
Worksheet: 'CE_AO', Cell 'D2', Converting to a String
Worksheet: 'CE_AO', Cell 'C2', Converting to a String
Worksheet: 'CE_AO', Cell 'B2', Converting to a String
Worksheet: 'CE_AO', Cell 'A2', Converting to a String
Worksheet: 'CE_AO', Cell 'K2', Converting to a String
Worksheet: 'CE_AO', Cell 'J2', Converting to a String
Worksheet: 'CE_AO', Cell 'L2', Converting to a String
Worksheet: 'CE_AO', Cell 'F2', Converting to a String
Worksheet: 'CE_AO', Cell 'I2', Converting to a String
Worksheet: 'CE_AO', Cell 'M2', Converting to a String
Worksheet: 'CE_AO', Cell 'A3', Converting to a String
Worksheet: 'SUMMARY', Cell 'K3', Converting to a String
Worksheet: 'SUMMARY', Cell 'C3', Converting to a String
Worksheet: 'SUMMARY', Cell 'D3', Converting to a String
Worksheet: 'SUMMARY', Cell 'L3', Converting to a String
Worksheet: 'SUMMARY', Cell 'E3', Converting to a String
Worksheet: 'SUMMARY', Cell 'G3', Converting to a String
Worksheet: 'SUMMARY', Cell 'F3', Converting to a String
Worksheet: 'SUMMARY', Cell 'H3', Converting to a String
Worksheet: 'SUMMARY', Cell 'J3', Converting to a String
Worksheet: 'SUMMARY', Cell 'I3', Converting to a String
Worksheet: 'CE_BW', Cell 'A2', Converting to a String
Worksheet: 'CE_BW', Cell 'H2', Converting to a String
Worksheet: 'CE_BW', Cell 'G2', Converting to a String
Worksheet: 'CE_BW', Cell 'E2', Converting to a String
Worksheet: 'CE_BW', Cell 'D2', Converting to a String
Worksheet: 'CE_BW', Cell 'C2', Converting to a String
Worksheet: 'CE_BW', Cell 'B2', Converting to a String
Worksheet: 'CE_BW', Cell 'A2', Converting to a String
Worksheet: 'CE_BW', Cell 'K2', Converting to a String
Worksheet: 'CE_BW', Cell 'J2', Converting to a String
Worksheet: 'CE_BW', Cell 'L2', Converting to a String
Worksheet: 'CE_BW', Cell 'F2', Converting to a String
Worksheet: 'CE_BW', Cell 'I2', Converting to a String
Worksheet: 'CE_BW', Cell 'M2', Converting to a String
Worksheet: 'CE_BW', Cell 'A3', Converting to a String
Worksheet: 'CE_BW', Cell 'H3', Converting to a String
Worksheet: 'CE_BW', Cell 'G3', Converting to a String
Worksheet: 'CE_BW', Cell 'E3', Converting to a String
Worksheet: 'CE_BW', Cell 'D3', Converting to a String
Worksheet: 'CE_BW', Cell 'C3', Converting to a String
Worksheet: 'CE_BW', Cell 'B3', Converting to a String
Worksheet: 'CE_BW', Cell 'A3', Converting to a String
Worksheet: 'CE_BW', Cell 'K3', Converting to a String
Worksheet: 'CE_BW', Cell 'J3', Converting to a String
Worksheet: 'CE_BW', Cell 'L3', Converting to a String
Worksheet: 'CE_BW', Cell 'F3', Converting to a String
Worksheet: 'CE_BW', Cell 'I3', Converting to a String
Worksheet: 'CE_BW', Cell 'M3', Converting to a String
Worksheet: 'CE_BW', Cell 'A4', Converting to a String
Worksheet: 'SUMMARY', Cell 'K4', Converting to a String
Worksheet: 'SUMMARY', Cell 'C4', Converting to a String
Worksheet: 'SUMMARY', Cell 'D4', Converting to a String
Worksheet: 'SUMMARY', Cell 'L4', Converting to a String
Worksheet: 'SUMMARY', Cell 'E4', Converting to a String
Worksheet: 'SUMMARY', Cell 'G4', Converting to a String
Worksheet: 'SUMMARY', Cell 'F4', Converting to a String
Worksheet: 'SUMMARY', Cell 'H4', Converting to a String
Worksheet: 'SUMMARY', Cell 'J4', Converting to a String
Worksheet: 'SUMMARY', Cell 'I4', Converting to a String
Worksheet: 'CE_GH', Cell 'A2', Converting to a String
Worksheet: 'CE_GH', Cell 'H2', Converting to a String
Worksheet: 'CE_GH', Cell 'G2', Converting to a String
Worksheet: 'CE_GH', Cell 'E2', Converting to a String
Worksheet: 'CE_GH', Cell 'D2', Converting to a String
Worksheet: 'CE_GH', Cell 'C2', Converting to a String
Worksheet: 'CE_GH', Cell 'B2', Converting to a String
Worksheet: 'CE_GH', Cell 'A2', Converting to a String
Worksheet: 'CE_GH', Cell 'K2', Converting to a String
Worksheet: 'CE_GH', Cell 'J2', Converting to a String
Worksheet: 'CE_GH', Cell 'L2', Converting to a String
Worksheet: 'CE_GH', Cell 'F2', Converting to a String
Worksheet: 'CE_GH', Cell 'I2', Converting to a String
Worksheet: 'CE_GH', Cell 'M2', Converting to a String
Worksheet: 'CE_GH', Cell 'A3', Converting to a String
Worksheet: 'CE_GH', Cell 'H3', Converting to a String
Worksheet: 'CE_GH', Cell 'G3', Converting to a String
Worksheet: 'CE_GH', Cell 'E3', Converting to a String
Worksheet: 'CE_GH', Cell 'D3', Converting to a String
Worksheet: 'CE_GH', Cell 'C3', Converting to a String
Worksheet: 'CE_GH', Cell 'B3', Converting to a String
Worksheet: 'CE_GH', Cell 'A3', Converting to a String
Worksheet: 'CE_GH', Cell 'K3', Converting to a String
Worksheet: 'CE_GH', Cell 'J3', Converting to a String
Worksheet: 'CE_GH', Cell 'L3', Converting to a String
Worksheet: 'CE_GH', Cell 'F3', Converting to a String
Worksheet: 'CE_GH', Cell 'I3', Converting to a String
Worksheet: 'CE_GH', Cell 'M3', Converting to a String
Worksheet: 'CE_GH', Cell 'A4', Converting to a String
Worksheet: 'SUMMARY', Cell 'K5', Converting to a String
Worksheet: 'SUMMARY', Cell 'C5', Converting to a String
Worksheet: 'SUMMARY', Cell 'D5', Converting to a String
Worksheet: 'SUMMARY', Cell 'L5', Converting to a String
Worksheet: 'SUMMARY', Cell 'E5', Converting to a String
Worksheet: 'SUMMARY', Cell 'G5', Converting to a String
Worksheet: 'SUMMARY', Cell 'F5', Converting to a String
Worksheet: 'SUMMARY', Cell 'H5', Converting to a String
Worksheet: 'SUMMARY', Cell 'J5', Converting to a String
Worksheet: 'SUMMARY', Cell 'I5', Converting to a String
Worksheet: 'CE_IM', Cell 'A2', Converting to a String
Worksheet: 'CE_IM', Cell 'H2', Converting to a String
Worksheet: 'CE_IM', Cell 'G2', Converting to a String
Worksheet: 'CE_IM', Cell 'E2', Converting to a String
Worksheet: 'CE_IM', Cell 'D2', Converting to a String
Worksheet: 'CE_IM', Cell 'C2', Converting to a String
Worksheet: 'CE_IM', Cell 'B2', Converting to a String
Worksheet: 'CE_IM', Cell 'A2', Converting to a String
Worksheet: 'CE_IM', Cell 'K2', Converting to a String
Worksheet: 'CE_IM', Cell 'J2', Converting to a String
Worksheet: 'CE_IM', Cell 'L2', Converting to a String
Worksheet: 'CE_IM', Cell 'F2', Converting to a String
Worksheet: 'CE_IM', Cell 'I2', Converting to a String
Worksheet: 'CE_IM', Cell 'M2', Converting to a String
Worksheet: 'CE_IM', Cell 'A3', Converting to a String
Worksheet: 'SUMMARY', Cell 'K6', Converting to a String
Worksheet: 'SUMMARY', Cell 'C6', Converting to a String
Worksheet: 'SUMMARY', Cell 'D6', Converting to a String
Worksheet: 'SUMMARY', Cell 'L6', Converting to a String
Worksheet: 'SUMMARY', Cell 'E6', Converting to a String
Worksheet: 'SUMMARY', Cell 'G6', Converting to a String
Worksheet: 'SUMMARY', Cell 'F6', Converting to a String
Worksheet: 'SUMMARY', Cell 'H6', Converting to a String
Worksheet: 'SUMMARY', Cell 'J6', Converting to a String
Worksheet: 'SUMMARY', Cell 'I6', Converting to a String
Worksheet: 'CE_JE', Cell 'A2', Converting to a String
Worksheet: 'CE_JE', Cell 'H2', Converting to a String
Worksheet: 'CE_JE', Cell 'G2', Converting to a String
Worksheet: 'CE_JE', Cell 'E2', Converting to a String
Worksheet: 'CE_JE', Cell 'D2', Converting to a String
Worksheet: 'CE_JE', Cell 'C2', Converting to a String
Worksheet: 'CE_JE', Cell 'B2', Converting to a String
Worksheet: 'CE_JE', Cell 'A2', Converting to a String
Worksheet: 'CE_JE', Cell 'K2', Converting to a String
Worksheet: 'CE_JE', Cell 'J2', Converting to a String
Worksheet: 'CE_JE', Cell 'L2', Converting to a String
Worksheet: 'CE_JE', Cell 'F2', Converting to a String
Worksheet: 'CE_JE', Cell 'I2', Converting to a String
Worksheet: 'CE_JE', Cell 'M2', Converting to a String
Worksheet: 'CE_JE', Cell 'A3', Converting to a String
